2026-05-10 07:14:13,363 - naqa_scraper - INFO - Session started: 014-secondary-57f2ceb0
2026-05-10 07:14:13,364 - naqa_scraper - INFO - Log file: /home/cc/Dropbox/Conference&/2026/_4Шрамко - концептуальная статья/paper/data/naqa/logs/014-secondary-57f2ceb0.log
2026-05-10 07:14:13,364 - naqa_scraper - INFO - Active filters: {'specialty': '014', 'degree_level': 'Бакалавр'}
2026-05-10 07:14:14,768 - naqa_scraper.browser - INFO - Browser started with anti-detection settings
2026-05-10 07:14:14,769 - naqa_scraper - INFO - Phase 1: Collecting case URLs
2026-05-10 07:14:14,769 - naqa_scraper.navigator - INFO - Navigating to NAQA public portal
2026-05-10 07:14:18,686 - naqa_scraper.browser - INFO - Navigating to: https://public.naqa.gov.ua
2026-05-10 07:14:22,972 - naqa_scraper.navigator - INFO - Opening filter panel
2026-05-10 07:14:26,359 - naqa_scraper.navigator - INFO - Filter panel opened
2026-05-10 07:14:26,359 - naqa_scraper.navigator - INFO - Applying filters: {'specialty': '014', 'degree_level': 'Бакалавр'}
2026-05-10 07:14:26,359 - naqa_scraper.navigator - INFO - Selecting Спеціальність: 014 (dropdown index 0)
2026-05-10 07:14:27,575 - naqa_scraper.navigator - INFO - Selected Спеціальність: 014
2026-05-10 07:14:28,158 - naqa_scraper.navigator - INFO - Selecting Рівень вищої освіти: Бакалавр
2026-05-10 07:14:28,707 - naqa_scraper.navigator - INFO - Selected Рівень вищої освіти: Бакалавр
2026-05-10 07:14:32,282 - naqa_scraper.navigator - INFO - Clicking Apply button
2026-05-10 07:14:34,391 - naqa_scraper.navigator - INFO - Filter applied
2026-05-10 07:14:35,417 - naqa_scraper.navigator - INFO - Processing results page 1
2026-05-10 07:14:35,425 - naqa_scraper.navigator - INFO - Found 5 cases on page 1
2026-05-10 07:14:35,473 - naqa_scraper.navigator - INFO - Reached max_cases limit (1)
2026-05-10 07:14:35,480 - naqa_scraper - INFO - Collected 1 case URLs
2026-05-10 07:14:35,481 - naqa_scraper - INFO - Limited to 1 cases
2026-05-10 07:14:35,488 - naqa_scraper - INFO - Processing 1 pending cases
2026-05-10 07:14:35,489 - naqa_scraper - INFO - Scraping case: 16545
2026-05-10 07:14:39,807 - naqa_scraper.browser - INFO - Navigating to: https://public.naqa.gov.ua/v2/accreditation-folder/16545
2026-05-10 07:14:44,608 - naqa_scraper.navigator - INFO - Expanding section: button:has-text("Відомості про СО")
2026-05-10 07:14:45,686 - naqa_scraper.navigator - INFO - Trying direct Form SE URL: https://public.naqa.gov.ua/v2/form-se/16545/view
2026-05-10 07:14:48,766 - naqa_scraper.browser - INFO - Navigating to: https://public.naqa.gov.ua/v2/form-se/16545/view
2026-05-10 07:14:54,565 - naqa_scraper.navigator - INFO - Successfully accessed Form SE via direct URL: https://public.naqa.gov.ua/v2/form-se/16545/view
2026-05-10 07:14:54,565 - naqa_scraper.extractor - INFO - Extracting Form SE: 16545
2026-05-10 07:14:57,620 - naqa_scraper.extractor - INFO - Found 16 tabs on page
2026-05-10 07:15:53,140 - naqa_scraper.extractor - WARNING - Could not click tab 10, extracting visible content
2026-05-10 07:16:27,554 - naqa_scraper.extractor - INFO - Clicking Tab 12 (Таблиця 1) to access educational components
2026-05-10 07:16:29,672 - naqa_scraper.extractor - INFO - Found Table 1 in visible tabpanel
2026-05-10 07:16:32,062 - naqa_scraper.extractor - INFO - Extracted 28 educational components from Table 1
2026-05-10 07:16:39,166 - naqa_scraper.extractor - INFO - Extracted 16 tabs, 28 components, 1 tables
2026-05-10 07:16:39,457 - naqa_scraper.downloader - INFO - Starting file downloads for case 16545
2026-05-10 07:16:39,458 - naqa_scraper.downloader - INFO - Downloading main documents
2026-05-10 07:16:39,528 - naqa_scraper.downloader - INFO - Downloading files from tabs
2026-05-10 07:16:51,298 - naqa_scraper.downloader - INFO - Downloading Table 1 component files
2026-05-10 07:16:51,308 - naqa_scraper.downloader - INFO - Navigating to Tab 12 (Таблиця 1) for downloads
2026-05-10 07:16:54,451 - naqa_scraper.downloader - INFO - Found 28 components to download
2026-05-10 07:16:54,475 - naqa_scraper.downloader - INFO - Processing component 1/28: Основи науково-педагогічних досліджень...
2026-05-10 07:16:58,402 - naqa_scraper.downloader - INFO -   Downloaded syllabus for: Основи науково-педагогічних досліджень...
2026-05-10 07:16:58,925 - naqa_scraper.downloader - INFO - Processing component 2/28: Підсумкова атестація...
2026-05-10 07:17:01,236 - naqa_scraper.downloader - INFO -   Downloaded syllabus for: Підсумкова атестація...
2026-05-10 07:17:01,777 - naqa_scraper.downloader - INFO - Processing component 3/28: Виробнича (педагогічна) практика...
2026-05-10 07:17:03,939 - naqa_scraper.downloader - INFO -   Downloaded syllabus for: Виробнича (педагогічна) практика...
2026-05-10 07:17:04,467 - naqa_scraper.downloader - INFO - Processing component 4/28: Виробнича (педагогічна) практика в літніх мовних т...
2026-05-10 07:17:06,467 - naqa_scraper.downloader - INFO -   Downloaded syllabus for: Виробнича (педагогічна) практика в літні...
2026-05-10 07:17:06,990 - naqa_scraper.downloader - INFO - Processing component 5/28: Навчально-педагогічна практика (пробні уроки в ЗЗС...
2026-05-10 07:17:09,028 - naqa_scraper.downloader - INFO -   Downloaded syllabus for: Навчально-педагогічна практика (пробні у...
2026-05-10 07:17:09,553 - naqa_scraper.downloader - INFO - Processing component 6/28: Практика з виховної роботи...
2026-05-10 07:17:11,442 - naqa_scraper.downloader - INFO -   Downloaded syllabus for: Практика з виховної роботи...
2026-05-10 07:17:11,969 - naqa_scraper.downloader - INFO - Processing component 7/28: Пропедевтична практика...
2026-05-10 07:17:13,851 - naqa_scraper.downloader - INFO -   Downloaded syllabus for: Пропедевтична практика...
2026-05-10 07:17:14,371 - naqa_scraper.downloader - INFO - Processing component 8/28: Курсова робота з методики навчання польської мови...
2026-05-10 07:17:16,276 - naqa_scraper.downloader - INFO -   Downloaded syllabus for: Курсова робота з методики навчання польс...
2026-05-10 07:17:16,796 - naqa_scraper.downloader - INFO - Processing component 9/28: Курсова робота з педагогіки / психології...
2026-05-10 07:17:18,704 - naqa_scraper.downloader - INFO -   Downloaded syllabus for: Курсова робота з педагогіки / психології...
2026-05-10 07:17:19,242 - naqa_scraper.downloader - INFO - Processing component 10/28: Практична граматика польської мови...
2026-05-10 07:17:21,078 - naqa_scraper.downloader - INFO -   Downloaded syllabus for: Практична граматика польської мови...
2026-05-10 07:17:21,610 - naqa_scraper.downloader - INFO - Processing component 11/28: Практична фонетика польської мови...
2026-05-10 07:17:23,369 - naqa_scraper.downloader - INFO -   Downloaded syllabus for: Практична фонетика польської мови...
2026-05-10 07:17:23,893 - naqa_scraper.downloader - INFO - Processing component 12/28: Сучасна польська мова...
2026-05-10 07:17:25,777 - naqa_scraper.downloader - INFO -   Downloaded syllabus for: Сучасна польська мова...
2026-05-10 07:17:26,304 - naqa_scraper.downloader - INFO - Processing component 13/28: Методика навчання польської мови...
2026-05-10 07:17:28,176 - naqa_scraper.downloader - INFO -   Downloaded syllabus for: Методика навчання польської мови...
2026-05-10 07:17:28,715 - naqa_scraper.downloader - INFO - Processing component 14/28: Загальнотеоретичний курс польської мови...
2026-05-10 07:17:30,737 - naqa_scraper.downloader - INFO -   Downloaded syllabus for: Загальнотеоретичний курс польської мови...
2026-05-10 07:17:31,263 - naqa_scraper.downloader - INFO - Processing component 15/28: Технології виховної роботи...
2026-05-10 07:17:33,173 - naqa_scraper.downloader - INFO -   Downloaded syllabus for: Технології виховної роботи...
2026-05-10 07:17:33,696 - naqa_scraper.downloader - INFO - Processing component 16/28: Історія польської літератури (в контексті світової...
2026-05-10 07:17:35,802 - naqa_scraper.downloader - INFO -   Downloaded syllabus for: Історія польської літератури (в контекст...
2026-05-10 07:17:36,324 - naqa_scraper.downloader - INFO - Processing component 17/28: Лінгвокраїнознавство Польщі...
2026-05-10 07:17:38,148 - naqa_scraper.downloader - INFO -   Downloaded syllabus for: Лінгвокраїнознавство Польщі...
2026-05-10 07:17:38,678 - naqa_scraper.downloader - INFO - Processing component 18/28: Вступ до мовознавства...
2026-05-10 07:17:40,514 - naqa_scraper.downloader - INFO -   Downloaded syllabus for: Вступ до мовознавства...
2026-05-10 07:17:41,040 - naqa_scraper.downloader - INFO - Processing component 19/28: Вступ до спеціальності (з елементами пропедевтично...
2026-05-10 07:17:43,069 - naqa_scraper.downloader - INFO -   Downloaded syllabus for: Вступ до спеціальності (з елементами про...
2026-05-10 07:17:43,618 - naqa_scraper.downloader - INFO - Processing component 20/28: Педагогіка...
2026-05-10 07:17:45,544 - naqa_scraper.downloader - INFO -   Downloaded syllabus for: Педагогіка...
2026-05-10 07:17:46,071 - naqa_scraper.downloader - INFO - Processing component 21/28: Психологія...
2026-05-10 07:17:48,214 - naqa_scraper.downloader - INFO -   Downloaded syllabus for: Психологія...
2026-05-10 07:17:48,738 - naqa_scraper.downloader - INFO - Processing component 22/28: Історія освіти на Волині...
2026-05-10 07:17:50,602 - naqa_scraper.downloader - INFO -   Downloaded syllabus for: Історія освіти на Волині...
2026-05-10 07:17:51,139 - naqa_scraper.downloader - INFO - Processing component 23/28: Інформаційні технології та засоби навчання...
2026-05-10 07:17:53,094 - naqa_scraper.downloader - INFO -   Downloaded syllabus for: Інформаційні технології та засоби навчан...
2026-05-10 07:17:53,627 - naqa_scraper.downloader - INFO - Processing component 24/28: Українська мова (за професійним спрямуванням)...
2026-05-10 07:17:55,592 - naqa_scraper.downloader - INFO -   Downloaded syllabus for: Українська мова (за професійним спрямува...
2026-05-10 07:17:56,115 - naqa_scraper.downloader - INFO - Processing component 25/28: Іноземна мова...
2026-05-10 07:17:58,094 - naqa_scraper.downloader - INFO -   Downloaded syllabus for: Іноземна мова...
2026-05-10 07:17:58,619 - naqa_scraper.downloader - INFO - Processing component 26/28: Філософія...
2026-05-10 07:18:00,850 - naqa_scraper.downloader - INFO -   Downloaded syllabus for: Філософія...
2026-05-10 07:18:01,375 - naqa_scraper.downloader - INFO - Processing component 27/28: Історія України та української культури...
2026-05-10 07:18:03,249 - naqa_scraper.downloader - INFO -   Downloaded syllabus for: Історія України та української культури...
2026-05-10 07:18:03,772 - naqa_scraper.downloader - INFO - Processing component 28/28: Основи корекційної педагогіки та інклюзивної освіт...
2026-05-10 07:18:05,682 - naqa_scraper.downloader - INFO -   Downloaded syllabus for: Основи корекційної педагогіки та інклюзи...
2026-05-10 07:18:06,185 - naqa_scraper.downloader - INFO - Downloading files from all tables
2026-05-10 07:18:06,195 - naqa_scraper.downloader - INFO - Manifest saved to /home/cc/Dropbox/Conference&/2026/_4Шрамко - концептуальная статья/paper/data/naqa/data/downloads/16545/manifest.json
2026-05-10 07:18:06,195 - naqa_scraper.downloader - INFO - Download complete for 16545: 28/28 files
2026-05-10 07:18:06,196 - naqa_scraper - INFO - Case 16545 completed: 16 tabs, 28 components, 28 files
2026-05-10 07:18:06,462 - naqa_scraper.browser - INFO - Browser stopped
2026-05-10 07:18:06,542 - naqa_scraper.storage - INFO - Saved session JSON to /home/cc/Dropbox/Conference&/2026/_4Шрамко - концептуальная статья/paper/data/naqa/output/all_programs.json
2026-05-10 07:18:06,544 - naqa_scraper.storage - INFO - Saved programs CSV to /home/cc/Dropbox/Conference&/2026/_4Шрамко - концептуальная статья/paper/data/naqa/output/all_programs.csv (1 rows)
2026-05-10 07:18:06,545 - naqa_scraper.storage - INFO - Saved components CSV to /home/cc/Dropbox/Conference&/2026/_4Шрамко - концептуальная статья/paper/data/naqa/output/components_summary.csv (28 rows)
2026-05-10 07:18:06,547 - naqa_scraper.storage - INFO - Saved files manifest to /home/cc/Dropbox/Conference&/2026/_4Шрамко - концептуальная статья/paper/data/naqa/output/files_manifest.json (0 files)
2026-05-10 07:18:06,556 - naqa_scraper.storage - INFO - Saved tabs content to /home/cc/Dropbox/Conference&/2026/_4Шрамко - концептуальная статья/paper/data/naqa/output/tabs_content.json
2026-05-10 07:18:06,557 - naqa_scraper.checkpoint - INFO - Session finalized
2026-05-10 07:18:06,557 - naqa_scraper - INFO - ============================================================
2026-05-10 07:18:06,558 - naqa_scraper - INFO - SCRAPING COMPLETE
2026-05-10 07:18:06,558 - naqa_scraper - INFO - ============================================================
2026-05-10 07:18:06,558 - naqa_scraper - INFO - Session ID: 014-secondary-57f2ceb0
2026-05-10 07:18:06,558 - naqa_scraper - INFO - Total cases: 1
2026-05-10 07:18:06,558 - naqa_scraper - INFO - Completed: 1
2026-05-10 07:18:06,558 - naqa_scraper - INFO - Failed: 0
2026-05-10 07:18:06,559 - naqa_scraper - INFO - Files downloaded: 28
2026-05-10 07:18:06,559 - naqa_scraper - INFO - Components extracted: 28
2026-05-10 07:18:06,559 - naqa_scraper - INFO - Output files:
2026-05-10 07:18:06,559 - naqa_scraper - INFO -   - session_json: /home/cc/Dropbox/Conference&/2026/_4Шрамко - концептуальная статья/paper/data/naqa/output/all_programs.json
2026-05-10 07:18:06,559 - naqa_scraper - INFO -   - programs_csv: /home/cc/Dropbox/Conference&/2026/_4Шрамко - концептуальная статья/paper/data/naqa/output/all_programs.csv
2026-05-10 07:18:06,559 - naqa_scraper - INFO -   - components_csv: /home/cc/Dropbox/Conference&/2026/_4Шрамко - концептуальная статья/paper/data/naqa/output/components_summary.csv
2026-05-10 07:18:06,559 - naqa_scraper - INFO -   - files_manifest: /home/cc/Dropbox/Conference&/2026/_4Шрамко - концептуальная статья/paper/data/naqa/output/files_manifest.json
2026-05-10 07:18:06,560 - naqa_scraper - INFO -   - tabs_content: /home/cc/Dropbox/Conference&/2026/_4Шрамко - концептуальная статья/paper/data/naqa/output/tabs_content.json
